<?xml version="1.0" encoding="UTF-8"?>
<!-- Generated by org.testng.reporters.JUnitReportReporter -->
<testsuite hostname="INMU1L9350" name="TestNG.NewMavenTest1" tests="1" failures="0" timestamp="1 Sep 2020 17:42:11 GMT" time="19.762" errors="0">
  <testcase name="openShopAndCreateQuotation" time="19.762" classname="TestNG.NewMavenTest1"/>
</testsuite> <!-- TestNG.NewMavenTest1 -->
